2020-10-08 12:17:47,559 INFO  [log] Row count: 4
2020-10-08 12:17:47,569 INFO  [log] column count: 2
2020-10-08 12:17:48,477 INFO  [log] Number of records ind DB : 6
2020-10-08 12:17:48,786 INFO  [log] Sarita
2020-10-08 12:17:48,786 INFO  [log] Welcome12
2020-10-08 12:17:48,802 INFO  [log] prabhat
2020-10-08 12:17:48,804 INFO  [log] Welcome12
2020-10-08 12:17:48,808 INFO  [log] Rudra
2020-10-08 12:17:48,810 INFO  [log] Welcome12
2020-10-08 12:17:48,820 INFO  [log] Pratap
2020-10-08 12:17:48,822 INFO  [log] Welcome23
2020-10-08 12:17:48,828 INFO  [log] Ibm
2020-10-08 12:17:48,829 INFO  [log] Welcome23
2020-10-08 12:17:48,836 INFO  [log] Divya
2020-10-08 12:17:48,838 INFO  [log] Welcome23
2020-10-08 12:44:43,053 INFO  [log] Row count: 4
2020-10-08 12:44:43,069 INFO  [log] column count: 2
2020-10-08 12:44:46,854 INFO  [log] Number of records ind DB : 6
2020-10-08 12:44:47,532 INFO  [log] Sarita
2020-10-08 12:44:47,532 INFO  [log] Welcome12
2020-10-08 12:44:47,594 INFO  [log] prabhat
2020-10-08 12:44:47,594 INFO  [log] Welcome12
2020-10-08 12:44:47,607 INFO  [log] Rudra
2020-10-08 12:44:47,608 INFO  [log] Welcome12
2020-10-08 12:44:47,612 INFO  [log] Pratap
2020-10-08 12:44:47,619 INFO  [log] Welcome23
2020-10-08 12:44:47,642 INFO  [log] Ibm
2020-10-08 12:44:47,659 INFO  [log] Welcome23
2020-10-08 12:44:47,691 INFO  [log] Divya
2020-10-08 12:44:47,695 INFO  [log] Welcome23
2020-10-08 22:06:48,127 INFO  [log] Row count: 4
2020-10-08 22:06:48,141 INFO  [log] column count: 2
2020-10-08 22:06:49,034 INFO  [log] Number of records ind DB : 6
2020-10-08 22:06:49,354 INFO  [log] Sarita
2020-10-08 22:06:49,357 INFO  [log] Welcome12
2020-10-08 22:06:49,371 INFO  [log] prabhat
2020-10-08 22:06:49,372 INFO  [log] Welcome12
2020-10-08 22:06:49,376 INFO  [log] Rudra
2020-10-08 22:06:49,377 INFO  [log] Welcome12
2020-10-08 22:06:49,385 INFO  [log] Pratap
2020-10-08 22:06:49,389 INFO  [log] Welcome23
2020-10-08 22:06:49,392 INFO  [log] Ibm
2020-10-08 22:06:49,393 INFO  [log] Welcome23
2020-10-08 22:06:49,398 INFO  [log] Divya
2020-10-08 22:06:49,400 INFO  [log] Welcome23
2020-10-08 22:12:13,903 INFO  [log] Row count: 4
2020-10-08 22:12:13,922 INFO  [log] column count: 2
2020-10-08 22:12:14,877 INFO  [log] Number of records ind DB : 6
2020-10-08 22:12:15,172 INFO  [log] Sarita
2020-10-08 22:12:15,172 INFO  [log] Welcome12
2020-10-08 22:12:15,193 INFO  [log] prabhat
2020-10-08 22:12:15,193 INFO  [log] Welcome12
2020-10-08 22:12:15,202 INFO  [log] Rudra
2020-10-08 22:12:15,203 INFO  [log] Welcome12
2020-10-08 22:12:15,215 INFO  [log] Pratap
2020-10-08 22:12:15,215 INFO  [log] Welcome23
2020-10-08 22:12:15,223 INFO  [log] Ibm
2020-10-08 22:12:15,229 INFO  [log] Welcome23
2020-10-08 22:12:15,266 INFO  [log] Divya
2020-10-08 22:12:15,277 INFO  [log] Welcome23
2020-10-08 22:13:41,872 INFO  [log] Row count: 4
2020-10-08 22:13:41,891 INFO  [log] column count: 2
2020-10-08 22:13:42,823 INFO  [log] Number of records ind DB : 6
2020-10-08 22:13:43,123 INFO  [log] Sarita
2020-10-08 22:13:43,123 INFO  [log] Welcome12
2020-10-08 22:13:43,138 INFO  [log] prabhat
2020-10-08 22:13:43,138 INFO  [log] Welcome12
2020-10-08 22:13:43,142 INFO  [log] Rudra
2020-10-08 22:13:43,143 INFO  [log] Welcome12
2020-10-08 22:13:43,154 INFO  [log] Pratap
2020-10-08 22:13:43,158 INFO  [log] Welcome23
2020-10-08 22:13:43,164 INFO  [log] Ibm
2020-10-08 22:13:43,166 INFO  [log] Welcome23
2020-10-08 22:13:43,176 INFO  [log] Divya
2020-10-08 22:13:43,180 INFO  [log] Welcome23
2020-10-08 22:14:03,710 INFO  [log] Row count: 4
2020-10-08 22:14:03,721 INFO  [log] column count: 2
2020-10-08 22:14:04,776 INFO  [log] Number of records ind DB : 6
2020-10-08 22:14:05,078 INFO  [log] Sarita
2020-10-08 22:14:05,080 INFO  [log] Welcome12
2020-10-08 22:14:05,102 INFO  [log] prabhat
2020-10-08 22:14:05,104 INFO  [log] Welcome12
2020-10-08 22:14:05,111 INFO  [log] Rudra
2020-10-08 22:14:05,115 INFO  [log] Welcome12
2020-10-08 22:14:05,120 INFO  [log] Pratap
2020-10-08 22:14:05,123 INFO  [log] Welcome23
2020-10-08 22:14:05,134 INFO  [log] Ibm
2020-10-08 22:14:05,135 INFO  [log] Welcome23
2020-10-08 22:14:05,145 INFO  [log] Divya
2020-10-08 22:14:05,165 INFO  [log] Welcome23
2020-10-08 22:17:29,836 INFO  [log] Row count: 4
2020-10-08 22:17:29,847 INFO  [log] column count: 2
2020-10-08 22:17:30,866 INFO  [log] Number of records ind DB : 6
2020-10-08 22:17:31,119 INFO  [log] Sarita
2020-10-08 22:17:31,119 INFO  [log] Welcome12
2020-10-08 22:17:31,136 INFO  [log] prabhat
2020-10-08 22:17:31,138 INFO  [log] Welcome12
2020-10-08 22:17:31,148 INFO  [log] Rudra
2020-10-08 22:17:31,149 INFO  [log] Welcome12
2020-10-08 22:17:31,161 INFO  [log] Pratap
2020-10-08 22:17:31,163 INFO  [log] Welcome23
2020-10-08 22:17:31,193 INFO  [log] Ibm
2020-10-08 22:17:31,198 INFO  [log] Welcome23
2020-10-08 22:17:31,206 INFO  [log] Divya
2020-10-08 22:17:31,209 INFO  [log] Welcome23
2020-10-08 22:27:39,668 INFO  [log] Number of records ind DB : 6
2020-10-08 22:27:40,031 INFO  [log] Sarita
2020-10-08 22:27:40,032 INFO  [log] Welcome12
2020-10-08 22:27:40,090 INFO  [log] prabhat
2020-10-08 22:27:40,090 INFO  [log] Welcome12
2020-10-08 22:27:40,099 INFO  [log] Rudra
2020-10-08 22:27:40,103 INFO  [log] Welcome12
2020-10-08 22:27:40,108 INFO  [log] Pratap
2020-10-08 22:27:40,109 INFO  [log] Welcome23
2020-10-08 22:27:40,113 INFO  [log] Ibm
2020-10-08 22:27:40,114 INFO  [log] Welcome23
2020-10-08 22:27:40,124 INFO  [log] Divya
2020-10-08 22:27:40,125 INFO  [log] Welcome23
2020-10-08 22:34:57,376 INFO  [log] Number of records ind DB : 6
2020-10-08 22:34:57,752 INFO  [log] Sarita
2020-10-08 22:34:57,754 INFO  [log] Welcome12
2020-10-08 22:34:57,806 INFO  [log] prabhat
2020-10-08 22:34:57,806 INFO  [log] Welcome12
2020-10-08 22:34:57,815 INFO  [log] Rudra
2020-10-08 22:34:57,816 INFO  [log] Welcome12
2020-10-08 22:34:57,822 INFO  [log] Pratap
2020-10-08 22:34:57,823 INFO  [log] Welcome23
2020-10-08 22:34:57,829 INFO  [log] Ibm
2020-10-08 22:34:57,835 INFO  [log] Welcome23
2020-10-08 22:34:57,843 INFO  [log] Divya
2020-10-08 22:34:57,844 INFO  [log] Welcome23
2020-10-08 22:35:26,047 INFO  [log] Number of records ind DB : 6
2020-10-08 22:35:26,377 INFO  [log] Sarita
2020-10-08 22:35:26,379 INFO  [log] Welcome12
2020-10-08 22:35:26,433 INFO  [log] prabhat
2020-10-08 22:35:26,434 INFO  [log] Welcome12
2020-10-08 22:35:26,444 INFO  [log] Rudra
2020-10-08 22:35:26,448 INFO  [log] Welcome12
2020-10-08 22:35:26,463 INFO  [log] Pratap
2020-10-08 22:35:26,466 INFO  [log] Welcome23
2020-10-08 22:35:26,470 INFO  [log] Ibm
2020-10-08 22:35:26,473 INFO  [log] Welcome23
2020-10-08 22:35:26,483 INFO  [log] Divya
2020-10-08 22:35:26,485 INFO  [log] Welcome23
2020-10-08 22:36:24,898 INFO  [log] Number of records ind DB : 6
2020-10-08 22:36:25,188 INFO  [log] Sarita
2020-10-08 22:36:25,188 INFO  [log] Welcome12
2020-10-08 22:36:25,243 INFO  [log] prabhat
2020-10-08 22:36:25,244 INFO  [log] Welcome12
2020-10-08 22:36:25,253 INFO  [log] Rudra
2020-10-08 22:36:25,254 INFO  [log] Welcome12
2020-10-08 22:36:25,261 INFO  [log] Pratap
2020-10-08 22:36:25,262 INFO  [log] Welcome23
2020-10-08 22:36:25,270 INFO  [log] Ibm
2020-10-08 22:36:25,271 INFO  [log] Welcome23
2020-10-08 22:36:25,277 INFO  [log] Divya
2020-10-08 22:36:25,278 INFO  [log] Welcome23
2020-10-08 22:36:47,704 INFO  [log] Number of records ind DB : 6
2020-10-08 22:36:48,025 INFO  [log] Sarita
2020-10-08 22:36:48,027 INFO  [log] Welcome12
2020-10-08 22:36:48,074 INFO  [log] prabhat
2020-10-08 22:36:48,074 INFO  [log] Welcome12
2020-10-08 22:36:48,085 INFO  [log] Rudra
2020-10-08 22:36:48,086 INFO  [log] Welcome12
2020-10-08 22:36:48,090 INFO  [log] Pratap
2020-10-08 22:36:48,091 INFO  [log] Welcome23
2020-10-08 22:36:48,095 INFO  [log] Ibm
2020-10-08 22:36:48,097 INFO  [log] Welcome23
2020-10-08 22:36:48,106 INFO  [log] Divya
2020-10-08 22:36:48,107 INFO  [log] Welcome23
